<html>
<head>
<title>TestNG:  Forgot Password Validation</title>
<link href="../testng.css" rel="stylesheet" type="text/css" />
<link href="../my-testng.css" rel="stylesheet" type="text/css" />

<style type="text/css">
.log { display: none;} 
.stack-trace { display: none;} 
</style>
<script type="text/javascript">
<!--
function flip(e) {
  current = e.style.display;
  if (current == 'block') {
    e.style.display = 'none';
    return 0;
  }
  else {
    e.style.display = 'block';
    return 1;
  }
}

function toggleBox(szDivId, elem, msg1, msg2)
{
  var res = -1;  if (document.getElementById) {
    res = flip(document.getElementById(szDivId));
  }
  else if (document.all) {
    // this is the way old msie versions work
    res = flip(document.all[szDivId]);
  }
  if(elem) {
    if(res == 0) elem.innerHTML = msg1; else elem.innerHTML = msg2;
  }

}

function toggleAllBoxes() {
  if (document.getElementsByTagName) {
    d = document.getElementsByTagName('div');
    for (i = 0; i < d.length; i++) {
      if (d[i].className == 'log') {
        flip(d[i]);
      }
    }
  }
}

// -->
</script>

</head>
<body>
<h2 align='center'>Forgot Password Validation</h2><table border='1' align="center">
<tr>
<td>Tests passed/Failed/Skipped:</td><td>1/0/0</td>
</tr><tr>
<td>Started on:</td><td>Sat Jul 04 22:20:02 PHT 2020</td>
</tr>
<tr><td>Total time:</td><td>41 seconds (41362 ms)</td>
</tr><tr>
<td>Included groups:</td><td></td>
</tr><tr>
<td>Excluded groups:</td><td></td>
</tr>
</table><p/>
<small><i>(Hover the method name to see the test class name)</i></small><p/>
<table width='100%' border='1' class='invocation-failed'>
<tr><td colspan='4' align='center'><b>FAILED TESTS</b></td></tr>
<tr><td><b>Test method</b></td>
<td width="30%"><b>Exception</b></td>
<td width="10%"><b>Time (seconds)</b></td>
<td><b>Instance</b></td>
</tr>
<tr>
<td title='framework.test.CreateNewUserTestHappyPath.test()'><b>test</b><br>Test class: framework.test.CreateNewUserTestHappyPath</td>
<td><div><pre>org.openqa.selenium.TimeoutException: Expected condition failed: waiting for visibility of [[ChromeDriver: chrome on MAC (fa19c88ad18d38cee2a74c21e5a3f054)] -&gt; xpath: //a[contains(text(), &apos;Open business account&apos;)]] (tried for 30 second(s) with 500 milliseconds interval)
Build info: version: &apos;3.141.59&apos;, revision: &apos;e82be7d358&apos;, time: &apos;2018-11-14T08:17:03&apos;
System info: host: &apos;Allans-MacBook-Pro.local&apos;, ip: &apos;fe80:0:0:0:c87:4247:d8b1:37ce%en0&apos;, os.name: &apos;Mac OS X&apos;, os.arch: &apos;x86_64&apos;, os.version: &apos;10.15.5&apos;, java.version: &apos;1.8.0_121&apos;
Driver info: org.openqa.selenium.chrome.ChromeDriver
Capabilities {acceptInsecureCerts: false, browserName: chrome, browserVersion: 83.0.4103.116, chrome: {chromedriverVersion: 83.0.4103.39 (ccbf011cb2d2b..., userDataDir: /var/folders/vd/sbtx59bn3fn...}, goog:chromeOptions: {debuggerAddress: localhost:51351}, javascriptEnabled: true, networkConnectionEnabled: false, pageLoadStrategy: normal, platform: MAC, platformName: MAC, proxy: Proxy(), setWindowRect: true, strictFileInteractability: false, timeouts: {implicit: 0, pageLoad: 300000, script: 30000}, unhandledPromptBehavior: dismiss and notify, webauthn:virtualAuthenticators: true}
Session ID: fa19c88ad18d38cee2a74c21e5a3f054
	at org.openqa.selenium.support.ui.WebDriverWait.timeoutException(WebDriverWait.java:95)
	at org.openqa.selenium.support.ui.FluentWait.until(FluentWait.java:272)
	at framework.base.CreateNewUser.clickOpenBusinessAccountButton(CreateNewUser.java:100)
	at framework.base.CreateNewUser.createUserHappyPath(CreateNewUser.java:200)
	at framework.test.CreateNewUserTestHappyPath.test(CreateNewUserTestHappyPath.java:31)
	at java.util.ArrayList.forEach(ArrayList.java:1249)
... Removed 27 stack frames</pre></div><a href='#' onClick='toggleBox("stack-trace306889029", this, "Click to show all stack frames", "Click to hide stack frames")'>Click to show all stack frames</a>
<div class='stack-trace' id='stack-trace306889029'><pre>org.openqa.selenium.TimeoutException: Expected condition failed: waiting for visibility of [[ChromeDriver: chrome on MAC (fa19c88ad18d38cee2a74c21e5a3f054)] -&gt; xpath: //a[contains(text(), &apos;Open business account&apos;)]] (tried for 30 second(s) with 500 milliseconds interval)
Build info: version: &apos;3.141.59&apos;, revision: &apos;e82be7d358&apos;, time: &apos;2018-11-14T08:17:03&apos;
System info: host: &apos;Allans-MacBook-Pro.local&apos;, ip: &apos;fe80:0:0:0:c87:4247:d8b1:37ce%en0&apos;, os.name: &apos;Mac OS X&apos;, os.arch: &apos;x86_64&apos;, os.version: &apos;10.15.5&apos;, java.version: &apos;1.8.0_121&apos;
Driver info: org.openqa.selenium.chrome.ChromeDriver
Capabilities {acceptInsecureCerts: false, browserName: chrome, browserVersion: 83.0.4103.116, chrome: {chromedriverVersion: 83.0.4103.39 (ccbf011cb2d2b..., userDataDir: /var/folders/vd/sbtx59bn3fn...}, goog:chromeOptions: {debuggerAddress: localhost:51351}, javascriptEnabled: true, networkConnectionEnabled: false, pageLoadStrategy: normal, platform: MAC, platformName: MAC, proxy: Proxy(), setWindowRect: true, strictFileInteractability: false, timeouts: {implicit: 0, pageLoad: 300000, script: 30000}, unhandledPromptBehavior: dismiss and notify, webauthn:virtualAuthenticators: true}
Session ID: fa19c88ad18d38cee2a74c21e5a3f054
	at org.openqa.selenium.support.ui.WebDriverWait.timeoutException(WebDriverWait.java:95)
	at org.openqa.selenium.support.ui.FluentWait.until(FluentWait.java:272)
	at framework.base.CreateNewUser.clickOpenBusinessAccountButton(CreateNewUser.java:100)
	at framework.base.CreateNewUser.createUserHappyPath(CreateNewUser.java:200)
	at framework.test.CreateNewUserTestHappyPath.test(CreateNewUserTestHappyPath.java:31)
	at sun.reflect.NativeMethodAccessorImpl.invoke0(Native Method)
	at sun.reflect.NativeMethodAccessorImpl.invoke(NativeMethodAccessorImpl.java:62)
	at sun.reflect.DelegatingMethodAccessorImpl.invoke(DelegatingMethodAccessorImpl.java:43)
	at java.lang.reflect.Method.invoke(Method.java:498)
	at org.testng.internal.MethodInvocationHelper.invokeMethod(MethodInvocationHelper.java:134)
	at org.testng.internal.TestInvoker.invokeMethod(TestInvoker.java:597)
	at org.testng.internal.TestInvoker.invokeTestMethod(TestInvoker.java:173)
	at org.testng.internal.MethodRunner.runInSequence(MethodRunner.java:46)
	at org.testng.internal.TestInvoker$MethodInvocationAgent.invoke(TestInvoker.java:816)
	at org.testng.internal.TestInvoker.invokeTestMethods(TestInvoker.java:146)
	at org.testng.internal.TestMethodWorker.invokeTestMethods(TestMethodWorker.java:146)
	at org.testng.internal.TestMethodWorker.run(TestMethodWorker.java:128)
	at java.util.ArrayList.forEach(ArrayList.java:1249)
	at org.testng.TestRunner.privateRun(TestRunner.java:766)
	at org.testng.TestRunner.run(TestRunner.java:587)
	at org.testng.SuiteRunner.runTest(SuiteRunner.java:384)
	at org.testng.SuiteRunner.runSequentially(SuiteRunner.java:378)
	at org.testng.SuiteRunner.privateRun(SuiteRunner.java:337)
	at org.testng.SuiteRunner.run(SuiteRunner.java:286)
	at org.testng.SuiteRunnerWorker.runSuite(SuiteRunnerWorker.java:53)
	at org.testng.SuiteRunnerWorker.run(SuiteRunnerWorker.java:96)
	at org.testng.TestNG.runSuitesSequentially(TestNG.java:1187)
	at org.testng.TestNG.runSuitesLocally(TestNG.java:1109)
	at org.testng.TestNG.runSuites(TestNG.java:1039)
	at org.testng.TestNG.run(TestNG.java:1007)
	at org.testng.remote.AbstractRemoteTestNG.run(AbstractRemoteTestNG.java:115)
	at org.testng.remote.RemoteTestNG.initAndRun(RemoteTestNG.java:251)
	at org.testng.remote.RemoteTestNG.main(RemoteTestNG.java:77)
</pre></div></td>
<td>42</td>
<td>framework.test.CreateNewUserTestHappyPath@305fd85d</td></tr>
</table><p>
<table width='100%' border='1' class='invocation-passed'>
<tr><td colspan='4' align='center'><b>PASSED TESTS</b></td></tr>
<tr><td><b>Test method</b></td>
<td width="30%"><b>Exception</b></td>
<td width="10%"><b>Time (seconds)</b></td>
<td><b>Instance</b></td>
</tr>
<tr>
<td title='framework.test.Login.test()'><b>test</b><br>Test class: framework.test.Login</td>
<td></td>
<td>57</td>
<td>framework.test.Login@6c49835d</td></tr>
<tr>
<td title='framework.test.WrongUsername.test()'><b>test</b><br>Test class: framework.test.WrongUsername</td>
<td></td>
<td>6</td>
<td>framework.test.WrongUsername@15d0c81b</td></tr>
<tr>
<td title='framework.test.TestLinks.test()'><b>test</b><br>Test class: framework.test.TestLinks</td>
<td></td>
<td>19</td>
<td>framework.test.TestLinks@27a8c74e</td></tr>
<tr>
<td title='framework.test.CreateNewUserTestPasswordDoNotMatch.test()'><b>test</b><br>Test class: framework.test.CreateNewUserTestPasswordDoNotMatch</td>
<td></td>
<td>5</td>
<td>framework.test.CreateNewUserTestPasswordDoNotMatch@76f2b07d</td></tr>
<tr>
<td title='framework.test.CreateNewUserTestPersonalAccountLink.test()'><b>test</b><br>Test class: framework.test.CreateNewUserTestPersonalAccountLink</td>
<td></td>
<td>5</td>
<td>framework.test.CreateNewUserTestPersonalAccountLink@1563da5</td></tr>
<tr>
<td title='framework.test.PasswordResetValidate.test()'><b>test</b><br>Test class: framework.test.PasswordResetValidate</td>
<td></td>
<td>33</td>
<td>framework.test.PasswordResetValidate@17d677df</td></tr>
</table><p>
</body>
</html>